\BOOKMARK [1][]{section.1}{1 Introduction}{}% 1
\BOOKMARK [1][]{section.2}{2 Governing Equation}{}% 2
\BOOKMARK [1][]{section.3}{3 the highest T* corresponding to *}{}% 3
\BOOKMARK [2][]{subsection.3.1}{3.1 0}{section.3}% 4
\BOOKMARK [2][]{subsection.3.2}{3.2 }{section.3}% 5
\BOOKMARK [2][]{subsection.3.3}{3.3 blending}{section.3}% 6
\BOOKMARK [1][]{section.4}{4 m}{}% 7
\BOOKMARK [2][]{subsection.4.1}{4.1 0}{section.4}% 8
\BOOKMARK [2][]{subsection.4.2}{4.2 }{section.4}% 9
\BOOKMARK [2][]{subsection.4.3}{4.3 blending}{section.4}% 10
\BOOKMARK [1][]{section.5}{5 quasi point source}{}% 11
\BOOKMARK [2][]{subsection.5.1}{5.1 0}{section.5}% 12
\BOOKMARK [2][]{subsection.5.2}{5.2 }{section.5}% 13
\BOOKMARK [2][]{subsection.5.3}{5.3 blending}{section.5}% 14
\BOOKMARK [1][]{section.6}{6 Combination}{}% 15
\BOOKMARK [1][]{section.7}{7 whole plane}{}% 16
\BOOKMARK [1][]{section.8}{8 Results}{}% 17
\BOOKMARK [1][]{section.9}{9 Discussion}{}% 18
\BOOKMARK [1][]{section.10}{10 Conclusions}{}% 19
\BOOKMARK [1][]{section.11}{11 Conclusions}{}% 20
\BOOKMARK [1][]{section.12}{12 Acknowledgement}{}% 21
\BOOKMARK [1][]{section.13}{13 References}{}% 22
